Build started 10-Apr-21 3:00:21 PM.
     1>Project "D:\4.2\CSE 425-Computer Graphics\recordings\color\zero.vcxproj" on node 2 (build target(s)).
     1>InitializeBuildStatus:
         Creating "Release\zero.unsuccessfulbuild" because "AlwaysCreate" was specified.
       ClCompile:
         C:\Program Files (x86)\Microsoft Visual Studio 10.0\VC\bin\CL.exe /c /Zi /nologo /W3 /WX- /O2 /Oy- /D WIN32 /D NDEBUG /D _WINDOWS /Gm- /EHsc /MD /GS /fp:precise /Zc:wchar_t /Zc:forScope /Fo"Release\\" /Fd"Release\vc100.pdb" /Gd /TP /analyze- /errorReport:prompt main.cpp
         main.cpp
     1>main.cpp(45): warning C4244: '+=' : conversion from 'double' to 'GLuint', possible loss of data
     1>main.cpp(47): warning C4244: '=' : conversion from 'double' to 'GLuint', possible loss of data
     1>main.cpp(53): warning C4305: '=' : truncation from 'double' to 'GLfloat'
     1>main.cpp(54): warning C4305: '+=' : truncation from 'double' to 'GLfloat'
     1>main.cpp(106): warning C4244: 'argument' : conversion from 'double' to 'GLfloat', possible loss of data
     1>main.cpp(107): warning C4244: 'argument' : conversion from 'double' to 'GLfloat', possible loss of data
     1>main.cpp(111): warning C4244: 'argument' : conversion from 'double' to 'GLfloat', possible loss of data
     1>main.cpp(111): warning C4244: 'argument' : conversion from 'double' to 'GLfloat', possible loss of data
     1>main.cpp(123): warning C4305: 'initializing' : truncation from 'double' to 'GLfloat'
     1>main.cpp(126): warning C4305: 'initializing' : truncation from 'double' to 'GLfloat'
     1>main.cpp(126): warning C4305: 'initializing' : truncation from 'double' to 'GLfloat'
     1>main.cpp(127): warning C4305: 'initializing' : truncation from 'double' to 'GLfloat'
     1>main.cpp(128): warning C4305: 'initializing' : truncation from 'double' to 'GLfloat'
     1>main.cpp(128): warning C4305: 'initializing' : truncation from 'double' to 'GLfloat'
     1>main.cpp(129): warning C4305: 'initializing' : truncation from 'double' to 'GLfloat'
     1>main.cpp(129): warning C4305: 'initializing' : truncation from 'double' to 'GLfloat'
     1>main.cpp(130): warning C4305: 'initializing' : truncation from 'double' to 'GLfloat'
     1>main.cpp(131): warning C4305: 'initializing' : truncation from 'double' to 'GLfloat'
     1>main.cpp(131): warning C4305: 'initializing' : truncation from 'double' to 'GLfloat'
     1>main.cpp(166): warning C4244: 'argument' : conversion from 'GLuint' to 'GLfloat', possible loss of data
     1>main.cpp(97): warning C4101: 'i' : unreferenced local variable
       ManifestResourceCompile:
         All outputs are up-to-date.
       Link:
         C:\Program Files (x86)\Microsoft Visual Studio 10.0\VC\bin\link.exe /ERRORREPORT:PROMPT /OUT:"D:\4.2\CSE 425-Computer Graphics\recordings\color\Release\zero.exe" /INCREMENTAL /NOLOGO freeglut.lib kernel32.lib user32.lib gdi32.lib winspool.lib comdlg32.lib advapi32.lib shell32.lib ole32.lib oleaut32.lib uuid.lib odbc32.lib odbccp32.lib /MANIFEST /ManifestFile:"Release\zero.exe.intermediate.manifest" /MANIFESTUAC:"level='asInvoker' uiAccess='false'" /DEBUG /PDB:"D:\4.2\CSE 425-Computer Graphics\recordings\color\Release\zero.pdb" /SUBSYSTEM:CONSOLE /OPT:REF /OPT:ICF /TLBID:1 /DYNAMICBASE /NXCOMPAT /IMPLIB:"D:\4.2\CSE 425-Computer Graphics\recordings\color\Release\zero.lib" /MACHINE:X86 Release\zero.exe.embed.manifest.res
         Release\main.obj
         Release\Matrix2f.obj
         Release\Matrix3f.obj
         Release\Matrix4f.obj
         Release\Quat4f.obj
         Release\Vector2f.obj
         Release\Vector3f.obj
         Release\Vector4f.obj
     1>LINK : warning LNK4075: ignoring '/INCREMENTAL' due to '/OPT:ICF' specification
       Manifest:
         C:\Program Files (x86)\Microsoft SDKs\Windows\v7.0A\bin\mt.exe /nologo /verbose /out:"Release\zero.exe.embed.manifest" /manifest Release\zero.exe.intermediate.manifest
         All outputs are up-to-date.
       LinkEmbedManifest:
         All outputs are up-to-date.
         zero.vcxproj -> D:\4.2\CSE 425-Computer Graphics\recordings\color\Release\zero.exe
       FinalizeBuildStatus:
         Deleting file "Release\zero.unsuccessfulbuild".
         Touching "Release\zero.lastbuildstate".
     1>Done Building Project "D:\4.2\CSE 425-Computer Graphics\recordings\color\zero.vcxproj" (build target(s)).

Build succeeded.

Time Elapsed 00:00:02.81
